1517625125.313601 client started (65145): version 2.5, socket /private/tmp/tmux-501/default, protocol 8
1517625125.313640 on Darwin 16.7.0 Darwin Kernel Version 16.7.0: Mon Nov 13 21:56:25 PST 2017; root:xnu-3789.72.11~1/RELEASE_X86_64; libevent 2.1.8-stable (select)
1517625125.313685 socket is /private/tmp/tmux-501/default
1517625125.313707 trying connect
1517625125.313795 add peer 0x7ff17501b800: 6 (0x0)
1517625125.318902 sending message 100 to peer 0x7ff17501b800 (4 bytes)
1517625125.318936 sending message 101 to peer 0x7ff17501b800 (16 bytes)
1517625125.318944 sending message 102 to peer 0x7ff17501b800 (13 bytes)
1517625125.318950 sending message 108 to peer 0x7ff17501b800 (52 bytes)
1517625125.318965 sending message 104 to peer 0x7ff17501b800 (0 bytes)
1517625125.318971 sending message 107 to peer 0x7ff17501b800 (4 bytes)
1517625125.318977 sending message 105 to peer 0x7ff17501b800 (76 bytes)
1517625125.318983 sending message 105 to peer 0x7ff17501b800 (57 bytes)
1517625125.318989 sending message 105 to peer 0x7ff17501b800 (33 bytes)
1517625125.318994 sending message 105 to peer 0x7ff17501b800 (15 bytes)
1517625125.319002 sending message 105 to peer 0x7ff17501b800 (20 bytes)
1517625125.319008 sending message 105 to peer 0x7ff17501b800 (75 bytes)
1517625125.319013 sending message 105 to peer 0x7ff17501b800 (12 bytes)
1517625125.319020 sending message 105 to peer 0x7ff17501b800 (67 bytes)
1517625125.319028 sending message 105 to peer 0x7ff17501b800 (375 bytes)
1517625125.319034 sending message 105 to peer 0x7ff17501b800 (26 bytes)
1517625125.319041 sending message 105 to peer 0x7ff17501b800 (19 bytes)
1517625125.319047 sending message 105 to peer 0x7ff17501b800 (17 bytes)
1517625125.319053 sending message 105 to peer 0x7ff17501b800 (26 bytes)
1517625125.319057 sending message 105 to peer 0x7ff17501b800 (23 bytes)
1517625125.319063 sending message 105 to peer 0x7ff17501b800 (61 bytes)
1517625125.319068 sending message 105 to peer 0x7ff17501b800 (12 bytes)
1517625125.319073 sending message 105 to peer 0x7ff17501b800 (15 bytes)
1517625125.319079 sending message 105 to peer 0x7ff17501b800 (8 bytes)
1517625125.319086 sending message 105 to peer 0x7ff17501b800 (13 bytes)
1517625125.319092 sending message 105 to peer 0x7ff17501b800 (32 bytes)
1517625125.319100 sending message 105 to peer 0x7ff17501b800 (797 bytes)
1517625125.319106 sending message 105 to peer 0x7ff17501b800 (45 bytes)
1517625125.319112 sending message 105 to peer 0x7ff17501b800 (71 bytes)
1517625125.319117 sending message 105 to peer 0x7ff17501b800 (11 bytes)
1517625125.319123 sending message 105 to peer 0x7ff17501b800 (542 bytes)
1517625125.319132 sending message 105 to peer 0x7ff17501b800 (62 bytes)
1517625125.319138 sending message 105 to peer 0x7ff17501b800 (56 bytes)
1517625125.319144 sending message 105 to peer 0x7ff17501b800 (24 bytes)
1517625125.319150 sending message 105 to peer 0x7ff17501b800 (15 bytes)
1517625125.319156 sending message 105 to peer 0x7ff17501b800 (8 bytes)
1517625125.319162 sending message 105 to peer 0x7ff17501b800 (66 bytes)
1517625125.319168 sending message 105 to peer 0x7ff17501b800 (21 bytes)
1517625125.319174 sending message 105 to peer 0x7ff17501b800 (23 bytes)
1517625125.319181 sending message 105 to peer 0x7ff17501b800 (34 bytes)
1517625125.319186 sending message 105 to peer 0x7ff17501b800 (60 bytes)
1517625125.319194 sending message 105 to peer 0x7ff17501b800 (57 bytes)
1517625125.319200 sending message 105 to peer 0x7ff17501b800 (42 bytes)
1517625125.319207 sending message 105 to peer 0x7ff17501b800 (14 bytes)
1517625125.319214 sending message 105 to peer 0x7ff17501b800 (21 bytes)
1517625125.319219 sending message 105 to peer 0x7ff17501b800 (21 bytes)
1517625125.319226 sending message 105 to peer 0x7ff17501b800 (10 bytes)
1517625125.319232 sending message 105 to peer 0x7ff17501b800 (14 bytes)
1517625125.319238 sending message 105 to peer 0x7ff17501b800 (19 bytes)
1517625125.319244 sending message 105 to peer 0x7ff17501b800 (27 bytes)
1517625125.319249 sending message 105 to peer 0x7ff17501b800 (22 bytes)
1517625125.319254 sending message 105 to peer 0x7ff17501b800 (38 bytes)
1517625125.319277 sending message 105 to peer 0x7ff17501b800 (20 bytes)
1517625125.319282 sending message 105 to peer 0x7ff17501b800 (23 bytes)
1517625125.319288 sending message 105 to peer 0x7ff17501b800 (36 bytes)
1517625125.319293 sending message 105 to peer 0x7ff17501b800 (47 bytes)
1517625125.319298 sending message 105 to peer 0x7ff17501b800 (69 bytes)
1517625125.319303 sending message 105 to peer 0x7ff17501b800 (71 bytes)
1517625125.319308 sending message 105 to peer 0x7ff17501b800 (17 bytes)
1517625125.319314 sending message 105 to peer 0x7ff17501b800 (15 bytes)
1517625125.319318 sending message 106 to peer 0x7ff17501b800 (0 bytes)
1517625125.319330 sending message 200 to peer 0x7ff17501b800 (4 bytes)
1517625125.319339 client loop enter
1517625125.319964 peer 0x7ff17501b800 message 211
1517625125.319996 peer 0x7ff17501b800 message 203
1517625125.320005 client loop exit
